<?xml version="1.0" encoding="UTF-8"?>
<!-- Generated by org.testng.reporters.JUnitReportReporter -->
<testsuite skipped="0" hostname="DESKTOP-AGPQPNA" name="com.training.sanity.tests.RETC_039Test" tests="1" failures="0" timestamp="29 Dec 2018 03:24:27 GMT" time="58.195" errors="0">
  <testcase name="validLoginTest" time="58.195" classname="com.training.sanity.tests.RETC_039Test"/>
</testsuite> <!-- com.training.sanity.tests.RETC_039Test -->
