<?xml version="1.0" encoding="UTF-8"?>
<!-- Generated by org.testng.reporters.JUnitReportReporter -->
<testsuite skipped="0" hostname="DESKTOP-AGPQPNA" name="com.training.sanity.tests.Login_TestTest" tests="1" failures="0" timestamp="24 Dec 2018 15:00:17 GMT" time="43.499" errors="0">
  <testcase name="validLoginTest" time="43.499" classname="com.training.sanity.tests.Login_TestTest"/>
</testsuite> <!-- com.training.sanity.tests.Login_TestTest -->
