<?xml version="1.0" encoding="UTF-8"?>
<!-- Generated by org.testng.reporters.JUnitReportReporter -->
<testsuite skipped="0" hostname="DESKTOP-AGPQPNA" name="com.training.sanity.tests.LogoutFromAppplication" tests="1" failures="0" timestamp="24 Dec 2018 16:50:04 GMT" time="43.343" errors="0">
  <testcase name="validLoginTest" time="43.343" classname="com.training.sanity.tests.LogoutFromAppplication"/>
</testsuite> <!-- com.training.sanity.tests.LogoutFromAppplication -->
