<?xml version="1.0" encoding="UTF-8"?>
<!-- Generated by org.testng.reporters.JUnitReportReporter -->
<testsuite skipped="0" hostname="DESKTOP-AGPQPNA" name="com.training.sanity.tests.RecoverPassword" tests="1" failures="0" timestamp="24 Dec 2018 17:36:07 GMT" time="73.659" errors="0">
  <testcase name="validLoginTest" time="73.659" classname="com.training.sanity.tests.RecoverPassword"/>
</testsuite> <!-- com.training.sanity.tests.RecoverPassword -->
