<?xml version="1.0" encoding="UTF-8"?>
<!-- Generated by org.testng.reporters.JUnitReportReporter -->
<testsuite skipped="0" hostname="DESKTOP-AGPQPNA" name="com.training.sanity.tests.RETC_033_1_Test" tests="1" failures="0" timestamp="02 Jan 2019 01:28:56 GMT" time="51.566" errors="0">
  <testcase name="validLoginTest" time="51.566" classname="com.training.sanity.tests.RETC_033_1_Test"/>
</testsuite> <!-- com.training.sanity.tests.RETC_033_1_Test -->
