<?xml version="1.0" encoding="UTF-8"?>
<!-- Generated by org.testng.reporters.JUnitReportReporter -->
<testsuite skipped="0" hostname="DESKTOP-AGPQPNA" name="com.training.sanity.tests.RETC_051" tests="1" failures="0" timestamp="01 Jan 2019 22:01:53 GMT" time="40.824" errors="0">
  <testcase name="RETC_051" time="40.824" classname="com.training.sanity.tests.RETC_051"/>
</testsuite> <!-- com.training.sanity.tests.RETC_051 -->
