<?xml version="1.0" encoding="UTF-8"?>
<!-- Generated by org.testng.reporters.JUnitReportReporter -->
<testsuite skipped="0" hostname="DESKTOP-AGPQPNA" name="com.training.regression.tests.SendQueryInContactForm" tests="3" failures="0" timestamp="11 Jan 2019 01:51:56 GMT" time="110.438" errors="0">
  <testcase name="loginDBTest" time="31.808" classname="com.training.regression.tests.SendQueryInContactForm"/>
  <testcase name="loginDBTest" time="38.636" classname="com.training.regression.tests.SendQueryInContactForm"/>
  <testcase name="loginDBTest" time="39.994" classname="com.training.regression.tests.SendQueryInContactForm"/>
</testsuite> <!-- com.training.regression.tests.SendQueryInContactForm -->
