<?xml version="1.0" encoding="UTF-8"?>
<!-- Generated by org.testng.reporters.JUnitReportReporter -->
<testsuite skipped="0" hostname="DESKTOP-AGPQPNA" name="com.training.regression.tests.SendWrongValueInContactForm" tests="3" failures="0" timestamp="11 Jan 2019 01:49:39 GMT" time="96.799" errors="0">
  <testcase name="loginDBTest" time="30.763" classname="com.training.regression.tests.SendWrongValueInContactForm"/>
  <testcase name="loginDBTest" time="31.425" classname="com.training.regression.tests.SendWrongValueInContactForm"/>
  <testcase name="loginDBTest" time="34.611" classname="com.training.regression.tests.SendWrongValueInContactForm"/>
</testsuite> <!-- com.training.regression.tests.SendWrongValueInContactForm -->
