<?xml version="1.0" encoding="UTF-8"?>
<!-- Generated by org.testng.reporters.JUnitReportReporter -->
<testsuite skipped="0" hostname="DESKTOP-AGPQPNA" name="com.training.sanity.tests.RETC_039Test" tests="1" failures="0" timestamp="02 Jan 2019 01:37:31 GMT" time="56.273" errors="0">
  <testcase name="validLoginTest" time="56.273" classname="com.training.sanity.tests.RETC_039Test"/>
</testsuite> <!-- com.training.sanity.tests.RETC_039Test -->
