<?xml version="1.0" encoding="UTF-8"?>
<!-- Generated by org.testng.reporters.JUnitReportReporter -->
<testsuite skipped="0" hostname="DESKTOP-AGPQPNA" name="com.training.sanity.tests.ChangeProfile" tests="1" failures="0" timestamp="25 Dec 2018 00:20:03 GMT" time="41.778" errors="0">
  <testcase name="validLoginTest" time="41.778" classname="com.training.sanity.tests.ChangeProfile"/>
</testsuite> <!-- com.training.sanity.tests.ChangeProfile -->
