<?xml version="1.0" encoding="UTF-8"?>
<!-- Generated by org.testng.reporters.JUnitReportReporter -->
<testsuite skipped="0" hostname="DESKTOP-AGPQPNA" name="com.training.sanity.tests.RETC_057" tests="1" failures="0" timestamp="02 Jan 2019 01:51:48 GMT" time="48.388" errors="0">
  <testcase name="validLoginTest" time="48.388" classname="com.training.sanity.tests.RETC_057"/>
</testsuite> <!-- com.training.sanity.tests.RETC_057 -->
