<?xml version="1.0" encoding="UTF-8"?>
<!-- Generated by org.testng.reporters.JUnitReportReporter -->
<testsuite skipped="0" hostname="DESKTOP-AGPQPNA" name="com.training.sanity.tests.ChangeProfile" tests="1" failures="0" timestamp="24 Dec 2018 04:01:16 GMT" time="94.275" errors="0">
  <testcase name="validLoginTest" time="94.275" classname="com.training.sanity.tests.ChangeProfile"/>
</testsuite> <!-- com.training.sanity.tests.ChangeProfile -->
