<?xml version="1.0" encoding="UTF-8"?>
<!-- Generated by org.testng.reporters.JUnitReportReporter -->
<testsuite skipped="0" hostname="DESKTOP-AGPQPNA" name="com.training.sanity.tests.Login_TestTest" tests="1" failures="0" timestamp="25 Dec 2018 04:43:01 GMT" time="44.510" errors="0">
  <testcase name="validLoginTest" time="44.510" classname="com.training.sanity.tests.Login_TestTest"/>
</testsuite> <!-- com.training.sanity.tests.Login_TestTest -->
