<?xml version="1.0" encoding="UTF-8"?>
<!-- Generated by org.testng.reporters.JUnitReportReporter -->
<testsuite skipped="0" hostname="DESKTOP-AGPQPNA" name="com.training.regression.tests.AddCategoryWithNewPost" tests="1" failures="0" timestamp="11 Jan 2019 06:56:31 GMT" time="75.331" errors="0">
  <testcase name="validLoginTest" time="75.331" classname="com.training.regression.tests.AddCategoryWithNewPost"/>
</testsuite> <!-- com.training.regression.tests.AddCategoryWithNewPost -->
