<?xml version="1.0" encoding="UTF-8"?>
<!-- Generated by org.testng.reporters.JUnitReportReporter -->
<testsuite skipped="0" hostname="DESKTOP-AGPQPNA" name="com.training.sanity.tests.RETC_45" tests="1" failures="0" timestamp="02 Jan 2019 01:53:59 GMT" time="46.456" errors="0">
  <testcase name="validLoginTest" time="46.456" classname="com.training.sanity.tests.RETC_45"/>
</testsuite> <!-- com.training.sanity.tests.RETC_45 -->
