<?xml version="1.0" encoding="UTF-8"?>
<!-- Generated by org.testng.reporters.JUnitReportReporter -->
<testsuite skipped="0" hostname="DESKTOP-AGPQPNA" name="com.training.regression.tests.ChangeRole" tests="3" failures="0" timestamp="13 Jan 2019 05:35:25 GMT" time="162.094" errors="0">
  <testcase name="loginDBTest" time="68.558" classname="com.training.regression.tests.ChangeRole"/>
  <testcase name="loginDBTest" time="62.790" classname="com.training.regression.tests.ChangeRole"/>
  <testcase name="loginDBTest" time="30.746" classname="com.training.regression.tests.ChangeRole"/>
</testsuite> <!-- com.training.regression.tests.ChangeRole -->
