<?xml version="1.0" encoding="UTF-8"?>
<!-- Generated by org.testng.reporters.JUnitReportReporter -->
<testsuite skipped="0" hostname="DESKTOP-AGPQPNA" name="com.training.sanity.tests.Login_TestTest" tests="1" failures="0" timestamp="23 Dec 2018 18:21:06 GMT" time="42.818" errors="0">
  <testcase name="validLoginTest" time="42.818" classname="com.training.sanity.tests.Login_TestTest"/>
</testsuite> <!-- com.training.sanity.tests.Login_TestTest -->
